<?xml version="1.0" encoding="UTF-8"?>
<!-- Generated by org.testng.reporters.JUnitReportReporter -->
<testsuite hostname="Adithya-PC" failures="0" tests="1" name="tests.AutomationFlow" time="11.361" errors="0" timestamp="2023-12-10T10:59:13 IST" skipped="0">
  <testcase classname="tests.AutomationFlow" name="add_review_in_product" time="11.361"/>
</testsuite> <!-- tests.AutomationFlow -->
